2013-11-29 23:06:55 |  69859009cd  was the list id and Email: zaeem@chimpchamp.com having First Name:   and Last Name:    and testimonial:Credly Notifications  cato<br/>
2013-11-29 23:06:57 | badge id: 1147 is assigned to zaeem.asif@gmail.com by zaeem@chimpchamp.com
2013-11-29 23:06:59 | badge id: 1283 is assigned to zaeem.asif@gmail.com by zaeem@chimpchamp.com
2013-11-29 23:07:03 | badge id: 1230 is assigned to zaeem.asif@gmail.com by zaeem@chimpchamp.com
2013-11-29 23:19:34 |  69859009cd  was the list id and Email: zaeem@chimpchamp.com having First Name:   and Last Name:    and testimonial:Credly Notifications  cato<br/>
2013-11-29 23:19:38 | badge id: 1147 is assigned to zaeem.asif@gmail.com by zaeem@chimpchamp.com
2013-11-29 23:19:40 | badge id: 1283 is assigned to zaeem.asif@gmail.com by zaeem@chimpchamp.com
2013-11-29 23:19:51 | badge id: 1230 is assigned to zaeem.asif@gmail.com by zaeem@chimpchamp.com
2013-11-29 23:25:45 |  69859009cd  was the list id and Email: zaeem@chimpchamp.com having First Name:   and Last Name:    and testimonial:<br/>
2013-11-29 23:25:47 | badge id: 1147 is assigned to zaeem.asif@gmail.com by zaeem@chimpchamp.com
2013-11-29 23:42:50 |  69859009cd  was the list id and Email: zaeem@chimpchamp.com having First Name:   and Last Name:    and testimonial:<br/>
2013-11-29 23:42:52 | badge id: 1147 is assigned to zaeem.asif@gmail.com by zaeem@chimpchamp.com
2013-11-30 01:08:22 |  ================= inside webhook call =================
2013-11-30 01:08:22 | 0
2013-11-30 01:08:22 | 0
2013-11-30 01:08:22 | After key
2013-11-30 01:08:22 |  69859009cd  was the list id and Email: zaeem@chimpchamp.com having First Name:   and Last Name:    and testimonial:<br/>
2013-11-30 01:08:24 | badge id: 1147 is assigned to  by zaeem@chimpchamp.com
2013-11-30 01:08:25 | ----  FOUND ----
2013-11-30 01:08:25 | ----  FOUND ----
2013-11-30 01:08:25 | ----  FOUND ----
2013-11-30 01:08:26 | You must specify a batch value for the listStaticSegmentMembersAdd method
2013-11-30 01:08:37 |  ================= inside webhook call =================
2013-11-30 01:08:37 | 0
2013-11-30 01:08:37 | 0
2013-11-30 01:08:37 | After key
2013-11-30 01:08:37 |  69859009cd  was the list id and Email: zaeem@chimpchamp.com having First Name:   and Last Name:    and testimonial:<br/>
2013-11-30 01:08:38 | badge id: 1147 is assigned to  by zaeem@chimpchamp.com
2013-11-30 01:08:39 | ----  FOUND ----
2013-11-30 01:08:39 | ----  FOUND ----
2013-11-30 01:08:39 | ----  FOUND ----
2013-11-30 01:08:41 | You must specify a batch value for the listStaticSegmentMembersAdd method
2013-11-30 01:09:14 |  ================= inside webhook call =================
2013-11-30 01:09:14 | 12
2013-11-30 01:09:14 | 374e4dc45917b1a48525c8131f276a9d-us6
2013-11-30 01:09:14 | After key
2013-11-30 01:09:14 |  69859009cd  was the list id and Email: zaeem@chimpchamp.com having First Name:   and Last Name:    and testimonial:<br/>
2013-11-30 01:09:16 | badge id: 1147 is assigned to  by zaeem@chimpchamp.com
2013-11-30 01:09:17 | ----  FOUND ----
2013-11-30 01:09:17 | ----  FOUND ----
2013-11-30 01:09:17 | ----  FOUND ----
2013-11-30 01:09:18 | You must specify a batch value for the listStaticSegmentMembersAdd method
2013-12-01 19:11:04 |  ================= inside webhook call =================
2013-12-01 19:11:04 | 12
2013-12-01 19:11:04 | 374e4dc45917b1a48525c8131f276a9d-us6
2013-12-01 19:11:04 | After key
2013-12-01 19:11:04 |  69859009cd  was the list id and Email: zaeem@chimpchamp.com having First Name:   and Last Name:    and testimonial:<br/>
2013-12-01 19:11:09 | badge id: 1147 is assigned to zaeem.asif@gmail.com by zaeem@chimpchamp.com and the hash was 
2013-12-01 19:11:12 | ----  FOUND ----
2013-12-01 19:11:12 | ----  FOUND ----
2013-12-01 19:11:12 | ----  FOUND ----
2013-12-01 19:11:14 | Member added to the segment:
2013-12-01 19:11:45 |  ================= inside webhook call =================
2013-12-01 19:11:45 | 12
2013-12-01 19:11:45 | 374e4dc45917b1a48525c8131f276a9d-us6
2013-12-01 19:11:45 | After key
2013-12-01 19:11:46 |  69859009cd  was the list id and Email: zaeem@chimpchamp.com having First Name:   and Last Name:    and testimonial:<br/>
2013-12-01 19:11:48 | badge id: 1147 is assigned to zaeem.asif@gmail.com by zaeem@chimpchamp.com and the hash was 
2013-12-01 19:11:50 | ----  FOUND ----
2013-12-01 19:11:50 | ----  FOUND ----
2013-12-01 19:11:50 | ----  FOUND ----
2013-12-01 19:11:51 | Member added to the segment:
2013-12-01 19:12:58 |  ================= inside webhook call =================
2013-12-01 19:12:58 | 12
2013-12-01 19:12:58 | 374e4dc45917b1a48525c8131f276a9d-us6
2013-12-01 19:12:58 | After key
2013-12-01 19:12:58 |  69859009cd  was the list id and Email: zaeem@chimpchamp.com having First Name:   and Last Name:    and testimonial:<br/>
2013-12-01 19:13:04 | badge id: 1147 is assigned to zaeem.asif@gmail.com by zaeem@chimpchamp.com and the hash was 
2013-12-01 19:13:05 | ----  FOUND ----
2013-12-01 19:13:05 | ----  FOUND ----
2013-12-01 19:13:05 | ----  FOUND ----
2013-12-01 19:13:06 | Member added to the segment:
2013-12-01 19:15:01 |  ================= inside webhook call =================
2013-12-01 19:15:01 | 12
2013-12-01 19:15:01 | 374e4dc45917b1a48525c8131f276a9d-us6
2013-12-01 19:15:01 | After key
2013-12-01 19:15:01 |  69859009cd  was the list id and Email: zaeem@chimpchamp.com having First Name:   and Last Name:    and testimonial:<br/>
2013-12-01 19:15:09 | badge id: 1147 is assigned to zaeem.asif@gmail.com by zaeem@chimpchamp.com and the hash was c30598e48
2013-12-01 19:15:10 | ----  FOUND ----
2013-12-01 19:15:10 | ----  FOUND ----
2013-12-01 19:15:10 | ----  FOUND ----
2013-12-01 19:15:12 | Member added to the segment:
2013-12-01 19:16:18 |  ================= inside webhook call =================
2013-12-01 19:16:18 | 12
2013-12-01 19:16:18 | 374e4dc45917b1a48525c8131f276a9d-us6
2013-12-01 19:16:18 | After key
2013-12-01 19:16:18 |  69859009cd  was the list id and Email: zaeem@chimpchamp.com having First Name:   and Last Name:    and testimonial:<br/>
2013-12-01 19:16:19 | badge id: 1147 is assigned to zaeem.asif@gmail.com by zaeem@chimpchamp.com and the hash was c1f3f51b3
2013-12-01 19:16:21 | ----  FOUND ----
2013-12-01 19:16:21 | ----  FOUND ----
2013-12-01 19:16:21 | ----  FOUND ----
2013-12-01 19:16:23 | Member added to the segment:
2013-12-01 19:18:03 |  ================= inside webhook call =================
2013-12-01 19:18:03 | 12
2013-12-01 19:18:03 | 374e4dc45917b1a48525c8131f276a9d-us6
2013-12-01 19:18:03 | After key
2013-12-01 19:18:03 |  69859009cd  was the list id and Email: zaeem@chimpchamp.com having First Name:   and Last Name:    and testimonial:<br/>
2013-12-01 19:18:10 | badge id: 1147 is assigned to zaeem.asif@gmail.com by zaeem@chimpchamp.com and the hash was ceb9c8dd9
2013-12-01 19:18:12 | ----  FOUND ----
2013-12-01 19:18:12 | ----  FOUND ----
2013-12-01 19:18:12 | ----  FOUND ----
2013-12-01 19:18:13 | Member added to the segment:
2013-12-01 19:18:27 | badge id: 1387 is assigned to zaeem.asif@gmail.com by zaeem@chimpchamp.com and the hash was ce4435ebe
2013-12-01 19:18:28 | ----  FOUND ----
2013-12-01 19:18:28 | ----  FOUND ----
2013-12-01 19:18:28 | ----  FOUND ----
2013-12-01 19:18:32 | Member added to the segment:
2013-12-01 19:18:50 | badge id: 1283 is assigned to zaeem.asif@gmail.com by zaeem@chimpchamp.com
